[1015/235714:ERROR:process_info.cc(608)] range at 0xb0ca24e600000000, size 0x6e fully unreadable
[1015/235714:ERROR:process_info.cc(608)] range at 0xb0ca254800000000, size 0x6e fully unreadable
[1015/235714:ERROR:process_info.cc(608)] range at 0x0, size 0x6e fully unreadable
[1015/235727:ERROR:process_reader_win.cc(233)] ReadMemory at 0x7ffecc979000 of 16 bytes failed: Only part of a ReadProcessMemory or WriteProcessMemory request was completed. (0x12B)
[1015/235727:WARNING:pe_image_resource_reader.cc(241)] could not read resource directory from C:\WINDOWS\SYSTEM32\ntdll.dll resources
[1015/235727:ERROR:process_reader_win.cc(233)] ReadMemory at 0x7ffec9a30000 of 64 bytes failed: Only part of a ReadProcessMemory or WriteProcessMemory request was completed. (0x12B)
[1015/235727:WARNING:pe_image_reader.cc(281)] could not read dos header from C:\WINDOWS\system32\KERNELBASE.dll
[1015/235727:ERROR:process_reader_win.cc(233)] ReadMemory at 0x7ffec9fc0000 of 64 bytes failed: Only part of a ReadProcessMemory or WriteProcessMemory request was completed. (0x12B)
[1015/235727:WARNING:pe_image_reader.cc(281)] could not read dos header from C:\WINDOWS\system32\KERNEL32.DLL
[1015/235727:ERROR:process_reader_win.cc(233)] ReadMemory at 0x7ffeca9a0000 of 64 bytes failed: Only part of a ReadProcessMemory or WriteProcessMemory request was completed. (0x12B)
[1015/235727:WARNING:pe_image_reader.cc(281)] could not read dos header from C:\WINDOWS\system32\msvcrt.dll
[1015/235727:ERROR:process_reader_win.cc(233)] ReadMemory at 0x7ffec9b50000 of 64 bytes failed: Only part of a ReadProcessMemory or WriteProcessMemory request was completed. (0x12B)
[1015/235727:WARNING:pe_image_reader.cc(281)] could not read dos header from C:\WINDOWS\system32\SspiCli.dll
[1015/235727:ERROR:process_reader_win.cc(233)] ReadMemory at 0x7ffeca710000 of 64 bytes failed: Only part of a ReadProcessMemory or WriteProcessMemory request was completed. (0x12B)
[1015/235727:WARNING:pe_image_reader.cc(281)] could not read dos header from C:\WINDOWS\system32\RPCRT4.dll
[1015/235727:ERROR:process_reader_win.cc(233)] ReadMemory at 0x7ffeca100000 of 64 bytes failed: Only part of a ReadProcessMemory or WriteProcessMemory request was completed. (0x12B)
[1015/235727:WARNING:pe_image_reader.cc(281)] could not read dos header from C:\WINDOWS\SYSTEM32\sechost.dll
[1015/235727:ERROR:process_reader_win.cc(233)] ReadMemory at 0x7ffecc780000 of 64 bytes failed: Only part of a ReadProcessMemory or WriteProcessMemory request was completed. (0x12B)
[1015/235727:WARNING:pe_image_reader.cc(281)] could not read dos header from C:\WINDOWS\system32\ADVAPI32.dll
[1015/235727:ERROR:process_reader_win.cc(233)] ReadMemory at 0x7ffec97c0000 of 64 bytes failed: Only part of a ReadProcessMemory or WriteProcessMemory request was completed. (0x12B)
[1015/235727:WARNING:pe_image_reader.cc(281)] could not read dos header from C:\WINDOWS\SYSTEM32\bcryptPrimitives.dll
[1015/235727:ERROR:process_reader_win.cc(233)] ReadMemory at 0x7ffec9830000 of 64 bytes failed: Only part of a ReadProcessMemory or WriteProcessMemory request was completed. (0x12B)
[1015/235727:WARNING:pe_image_reader.cc(281)] could not read dos header from C:\WINDOWS\SYSTEM32\CRYPTBASE.DLL
[1015/235727:ERROR:process_reader_win.cc(233)] ReadMemory at 0x7ffeb4310000 of 64 bytes failed: Only part of a ReadProcessMemory or WriteProcessMemory request was completed. (0x12B)
[1015/235727:WARNING:pe_image_reader.cc(281)] could not read dos header from C:\Program Files (x86)\Google\Chrome\Application\53.0.2785.143\chrome_elf.dll
[1015/235727:ERROR:process_reader_win.cc(233)] ReadMemory at 0x7ffec2840000 of 64 bytes failed: Only part of a ReadProcessMemory or WriteProcessMemory request was completed. (0x12B)
[1015/235727:WARNING:pe_image_reader.cc(281)] could not read dos header from C:\WINDOWS\SYSTEM32\VERSION.dll
[1015/235727:ERROR:process_reader_win.cc(233)] ReadMemory at 0x7ffec9e70000 of 64 bytes failed: Only part of a ReadProcessMemory or WriteProcessMemory request was completed. (0x12B)
[1015/235727:WARNING:pe_image_reader.cc(281)] could not read dos header from C:\WINDOWS\SYSTEM32\cfgmgr32.dll
[1015/235727:ERROR:process_reader_win.cc(233)] ReadMemory at 0x7ffec8740000 of 64 bytes failed: Only part of a ReadProcessMemory or WriteProcessMemory request was completed. (0x12B)
[1015/235727:WARNING:pe_image_reader.cc(281)] could not read dos header from C:\WINDOWS\SYSTEM32\DEVOBJ.dll
[1015/235727:ERROR:process_reader_win.cc(233)] ReadMemory at 0x7ffebd2c0000 of 64 bytes failed: Only part of a ReadProcessMemory or WriteProcessMemory request was completed. (0x12B)
[1015/235727:WARNING:pe_image_reader.cc(281)] could not read dos header from C:\WINDOWS\SYSTEM32\WINMMBASE.dll
[1015/235727:ERROR:process_reader_win.cc(233)] ReadMemory at 0x7ffeca850000 of 64 bytes failed: Only part of a ReadProcessMemory or WriteProcessMemory request was completed. (0x12B)
[1015/235727:WARNING:pe_image_reader.cc(281)] could not read dos header from C:\WINDOWS\system32\GDI32.dll
[1015/235727:ERROR:process_reader_win.cc(233)] ReadMemory at 0x7ffeca160000 of 64 bytes failed: Only part of a ReadProcessMemory or WriteProcessMemory request was completed. (0x12B)
[1015/235727:WARNING:pe_image_reader.cc(281)] could not read dos header from C:\WINDOWS\system32\USER32.dll
[1015/235727:ERROR:process_reader_win.cc(233)] ReadMemory at 0x7ffecc3f0000 of 64 bytes failed: Only part of a ReadProcessMemory or WriteProcessMemory request was completed. (0x12B)
[1015/235727:WARNING:pe_image_reader.cc(281)] could not read dos header from C:\WINDOWS\system32\MSCTF.dll
[1015/235727:ERROR:process_reader_win.cc(233)] ReadMemory at 0x7ffec9ec0000 of 64 bytes failed: Only part of a ReadProcessMemory or WriteProcessMemory request was completed. (0x12B)
[1015/235727:WARNING:pe_image_reader.cc(281)] could not read dos header from C:\WINDOWS\system32\IMM32.DLL
[1015/235727:ERROR:process_reader_win.cc(233)] ReadMemory at 0x7ffebd2f0000 of 64 bytes failed: Only part of a ReadProcessMemory or WriteProcessMemory request was completed. (0x12B)
[1015/235727:WARNING:pe_image_reader.cc(281)] could not read dos header from C:\WINDOWS\SYSTEM32\WINMM.dll
[1015/235727:ERROR:process_reader_win.cc(233)] ReadMemory at 0x7ffec9960000 of 64 bytes failed: Only part of a ReadProcessMemory or WriteProcessMemory request was completed. (0x12B)
[1015/235727:WARNING:pe_image_reader.cc(281)] could not read dos header from C:\WINDOWS\SYSTEM32\profapi.dll
[1015/235727:ERROR:process_reader_win.cc(233)] ReadMemory at 0x7ffec8ef0000 of 64 bytes failed: Only part of a ReadProcessMemory or WriteProcessMemory request was completed. (0x12B)
[1015/235727:WARNING:pe_image_reader.cc(281)] could not read dos header from C:\WINDOWS\SYSTEM32\USERENV.dll
[1015/235727:ERROR:process_reader_win.cc(233)] ReadMemory at 0x7ffec5de0000 of 64 bytes failed: Only part of a ReadProcessMemory or WriteProcessMemory request was completed. (0x12B)
[1015/235727:WARNING:pe_image_reader.cc(281)] could not read dos header from C:\WINDOWS\SYSTEM32\WTSAPI32.dll
[1015/235727:ERROR:process_reader_win.cc(233)] ReadMemory at 0x7ffeca4d0000 of 64 bytes failed: Only part of a ReadProcessMemory or WriteProcessMemory request was completed. (0x12B)
[1015/235727:WARNING:pe_image_reader.cc(281)] could not read dos header from C:\WINDOWS\SYSTEM32\combase.dll
[1015/235727:ERROR:process_reader_win.cc(233)] ReadMemory at 0x7ffec18c0000 of 64 bytes failed: Only part of a ReadProcessMemory or WriteProcessMemory request was completed. (0x12B)
[1015/235727:WARNING:pe_image_reader.cc(281)] could not read dos header from C:\WINDOWS\SYSTEM32\WINHTTP.dll
[1015/235727:ERROR:process_reader_win.cc(233)] ReadMemory at 0x7ffec9f60000 of 64 bytes failed: Only part of a ReadProcessMemory or WriteProcessMemory request was completed. (0x12B)
[1015/235727:WARNING:pe_image_reader.cc(281)] could not read dos header from C:\WINDOWS\system32\SHLWAPI.dll
[1015/235727:ERROR:process_reader_win.cc(233)] ReadMemory at 0x7ffecaa50000 of 64 bytes failed: Only part of a ReadProcessMemory or WriteProcessMemory request was completed. (0x12B)
[1015/235727:WARNING:pe_image_reader.cc(281)] could not read dos header from C:\WINDOWS\system32\SHELL32.dll
[1015/235728:ERROR:process_reader_win.cc(233)] ReadMemory at 0x7ffec7ec0000 of 64 bytes failed: Only part of a ReadProcessMemory or WriteProcessMemory request was completed. (0x12B)
[1015/235728:WARNING:pe_image_reader.cc(281)] could not read dos header from C:\WINDOWS\SYSTEM32\shcore.dll
[1015/235728:ERROR:process_reader_win.cc(233)] ReadMemory at 0x7ffeca2e0000 of 64 bytes failed: Only part of a ReadProcessMemory or WriteProcessMemory request was completed. (0x12B)
[1015/235728:WARNING:pe_image_reader.cc(281)] could not read dos header from C:\WINDOWS\system32\PSAPI.DLL
[1015/235728:ERROR:process_reader_win.cc(233)] ReadMemory at 0x7ffec1460000 of 64 bytes failed: Only part of a ReadProcessMemory or WriteProcessMemory request was completed. (0x12B)
[1015/235728:WARNING:pe_image_reader.cc(281)] could not read dos header from C:\WINDOWS\SYSTEM32\WINSPOOL.DRV
[1015/235728:ERROR:process_reader_win.cc(233)] ReadMemory at 0x7ffec69f0000 of 64 bytes failed: Only part of a ReadProcessMemory or WriteProcessMemory request was completed. (0x12B)
[1015/235728:WARNING:pe_image_reader.cc(281)] could not read dos header from C:\WINDOWS\WinSxS\amd64_microsoft.windows.common-controls_6595b64144ccf1df_6.0.9600.18006_none_623f33d3ecbe86e8\COMCTL32.dll
[1015/235728:ERROR:process_reader_win.cc(233)] ReadMemory at 0x7ffecc330000 of 64 bytes failed: Only part of a ReadProcessMemory or WriteProcessMemory request was completed. (0x12B)
[1015/235728:WARNING:pe_image_reader.cc(281)] could not read dos header from C:\WINDOWS\system32\COMDLG32.dll
[1015/235728:ERROR:process_reader_win.cc(233)] ReadMemory at 0x7ffecc5d0000 of 64 bytes failed: Only part of a ReadProcessMemory or WriteProcessMemory request was completed. (0x12B)
[1015/235728:WARNING:pe_image_reader.cc(281)] could not read dos header from C:\WINDOWS\system32\ole32.dll
[1015/235728:ERROR:process_reader_win.cc(233)] ReadMemory at 0x7ffecbfe0000 of 64 bytes failed: Only part of a ReadProcessMemory or WriteProcessMemory request was completed. (0x12B)
[1015/235728:WARNING:pe_image_reader.cc(281)] could not read dos header from C:\WINDOWS\system32\OLEAUT32.dll
[1015/235728:ERROR:process_reader_win.cc(233)] ReadMemory at 0x7ffecc5c0000 of 64 bytes failed: Only part of a ReadProcessMemory or WriteProcessMemory request was completed. (0x12B)
[1015/235728:WARNING:pe_image_reader.cc(281)] could not read dos header from C:\WINDOWS\system32\NSI.dll
[1015/235728:ERROR:process_reader_win.cc(233)] ReadMemory at 0x7ffec4110000 of 64 bytes failed: Only part of a ReadProcessMemory or WriteProcessMemory request was completed. (0x12B)
[1015/235728:WARNING:pe_image_reader.cc(281)] could not read dos header from C:\WINDOWS\SYSTEM32\WINNSI.DLL
[1015/235728:ERROR:process_reader_win.cc(233)] ReadMemory at 0x7ffec4280000 of 64 bytes failed: Only part of a ReadProcessMemory or WriteProcessMemory request was completed. (0x12B)
[1015/235728:WARNING:pe_image_reader.cc(281)] could not read dos header from C:\WINDOWS\SYSTEM32\IPHLPAPI.DLL
[1015/235728:ERROR:process_reader_win.cc(233)] ReadMemory at 0x7ffec9f00000 of 64 bytes failed: Only part of a ReadProcessMemory or WriteProcessMemory request was completed. (0x12B)
[1015/235728:WARNING:pe_image_reader.cc(281)] could not read dos header from C:\WINDOWS\system32\WS2_32.dll
[1015/235728:ERROR:process_reader_win.cc(233)] ReadMemory at 0x7ffec3ed0000 of 64 bytes failed: Only part of a ReadProcessMemory or WriteProcessMemory request was completed. (0x12B)
[1015/235728:WARNING:pe_image_reader.cc(281)] could not read dos header from C:\WINDOWS\SYSTEM32\USP10.dll
[1015/235728:ERROR:process_reader_win.cc(233)] ReadMemory at 0x7ffec9a10000 of 64 bytes failed: Only part of a ReadProcessMemory or WriteProcessMemory request was completed. (0x12B)
[1015/235728:WARNING:pe_image_reader.cc(281)] could not read dos header from C:\WINDOWS\system32\MSASN1.dll
[1015/235728:ERROR:process_reader_win.cc(233)] ReadMemory at 0x7ffec9c90000 of 64 bytes failed: Only part of a ReadProcessMemory or WriteProcessMemory request was completed. (0x12B)
[1015/235728:WARNING:pe_image_reader.cc(281)] could not read dos header from C:\WINDOWS\system32\CRYPT32.dll
[1015/235728:ERROR:process_reader_win.cc(233)] ReadMemory at 0x7ffec9b80000 of 64 bytes failed: Only part of a ReadProcessMemory or WriteProcessMemory request was completed. (0x12B)
[1015/235728:WARNING:pe_image_reader.cc(281)] could not read dos header from C:\WINDOWS\system32\WINTRUST.dll
[1015/235728:ERROR:process_reader_win.cc(233)] ReadMemory at 0x7ffec5e30000 of 64 bytes failed: Only part of a ReadProcessMemory or WriteProcessMemory request was completed. (0x12B)
[1015/235728:WARNING:pe_image_reader.cc(281)] could not read dos header from C:\WINDOWS\SYSTEM32\Secur32.dll
[1015/235728:ERROR:process_reader_win.cc(233)] ReadMemory at 0x7ffe942d0000 of 64 bytes failed: Only part of a ReadProcessMemory or WriteProcessMemory request was completed. (0x12B)
[1015/235728:WARNING:pe_image_reader.cc(281)] could not read dos header from C:\Program Files (x86)\Google\Chrome\Application\53.0.2785.143\chrome_child.dll
[1015/235728:ERROR:process_reader_win.cc(233)] ReadMemory at 0x7ffec6010000 of 64 bytes failed: Only part of a ReadProcessMemory or WriteProcessMemory request was completed. (0x12B)
[1015/235728:WARNING:pe_image_reader.cc(281)] could not read dos header from C:\WINDOWS\SYSTEM32\dwrite.dll
[1015/235728:ERROR:process_reader_win.cc(233)] ReadMemory at 0x7ffec85c0000 of 64 bytes failed: Only part of a ReadProcessMemory or WriteProcessMemory request was completed. (0x12B)
[1015/235728:WARNING:pe_image_reader.cc(281)] could not read dos header from C:\WINDOWS\system32\uxtheme.dll
[1015/235728:ERROR:process_reader_win.cc(233)] ReadMemory at 0x7ffec3ba0000 of 64 bytes failed: Only part of a ReadProcessMemory or WriteProcessMemory request was completed. (0x12B)
[1015/235728:WARNING:pe_image_reader.cc(281)] could not read dos header from C:\WINDOWS\WinSxS\amd64_microsoft.windows.gdiplus_6595b64144ccf1df_1.1.9600.18405_none_932a3cf14750e859\gdiplus.dll
[1015/235728:ERROR:process_reader_win.cc(233)] ReadMemory at 0x7ffe92430000 of 64 bytes failed: Only part of a ReadProcessMemory or WriteProcessMemory request was completed. (0x12B)
[1015/235728:WARNING:pe_image_reader.cc(281)] could not read dos header from C:\Users\Krishna\AppData\Local\Google\Chrome\User Data\PepperFlash\23.0.0.185\pepflashplayer.dll
[1015/235728:ERROR:process_reader_win.cc(233)] ReadMemory at 0x7ffec3d50000 of 64 bytes failed: Only part of a ReadProcessMemory or WriteProcessMemory request was completed. (0x12B)
[1015/235728:WARNING:pe_image_reader.cc(281)] could not read dos header from C:\WINDOWS\SYSTEM32\dxva2.dll
[1015/235728:ERROR:process_reader_win.cc(233)] ReadMemory at 0x7ff7bdbc0000 of 64 bytes failed: Only part of a ReadProcessMemory or WriteProcessMemory request was completed. (0x12B)
[1015/235728:WARNING:pe_image_reader.cc(281)] could not read dos header from C:\Program Files (x86)\Google\Chrome\Application\chrome.exe
[1015/235728:ERROR:process_reader_win.cc(233)] ReadMemory at 0x7ffecc830000 of 64 bytes failed: Only part of a ReadProcessMemory or WriteProcessMemory request was completed. (0x12B)
[1015/235728:WARNING:pe_image_reader.cc(281)] could not read dos header from C:\WINDOWS\SYSTEM32\ntdll.dll
[1015/235728:ERROR:process_reader_win.cc(233)] ReadMemory at 0x7ffec9a30000 of 64 bytes failed: Only part of a ReadProcessMemory or WriteProcessMemory request was completed. (0x12B)
[1015/235728:WARNING:pe_image_reader.cc(281)] could not read dos header from C:\WINDOWS\system32\KERNELBASE.dll
[1015/235728:ERROR:process_reader_win.cc(233)] ReadMemory at 0x7ffec9fc0000 of 64 bytes failed: Only part of a ReadProcessMemory or WriteProcessMemory request was completed. (0x12B)
[1015/235728:WARNING:pe_image_reader.cc(281)] could not read dos header from C:\WINDOWS\system32\KERNEL32.DLL
[1015/235728:ERROR:process_reader_win.cc(233)] ReadMemory at 0x7ffeca9a0000 of 64 bytes failed: Only part of a ReadProcessMemory or WriteProcessMemory request was completed. (0x12B)
[1015/235728:WARNING:pe_image_reader.cc(281)] could not read dos header from C:\WINDOWS\system32\msvcrt.dll
[1015/235728:ERROR:process_reader_win.cc(233)] ReadMemory at 0x7ffec9b50000 of 64 bytes failed: Only part of a ReadProcessMemory or WriteProcessMemory request was completed. (0x12B)
[1015/235728:WARNING:pe_image_reader.cc(281)] could not read dos header from C:\WINDOWS\system32\SspiCli.dll
[1015/235728:ERROR:process_reader_win.cc(233)] ReadMemory at 0x7ffeca710000 of 64 bytes failed: Only part of a ReadProcessMemory or WriteProcessMemory request was completed. (0x12B)
[1015/235728:WARNING:pe_image_reader.cc(281)] could not read dos header from C:\WINDOWS\system32\RPCRT4.dll
[1015/235728:ERROR:process_reader_win.cc(233)] ReadMemory at 0x7ffeca100000 of 64 bytes failed: Only part of a ReadProcessMemory or WriteProcessMemory request was completed. (0x12B)
[1015/235728:WARNING:pe_image_reader.cc(281)] could not read dos header from C:\WINDOWS\SYSTEM32\sechost.dll
[1015/235728:ERROR:process_reader_win.cc(233)] ReadMemory at 0x7ffecc780000 of 64 bytes failed: Only part of a ReadProcessMemory or WriteProcessMemory request was completed. (0x12B)
[1015/235728:WARNING:pe_image_reader.cc(281)] could not read dos header from C:\WINDOWS\system32\ADVAPI32.dll
[1015/235728:ERROR:process_reader_win.cc(233)] ReadMemory at 0x7ffec97c0000 of 64 bytes failed: Only part of a ReadProcessMemory or WriteProcessMemory request was completed. (0x12B)
[1015/235728:WARNING:pe_image_reader.cc(281)] could not read dos header from C:\WINDOWS\SYSTEM32\bcryptPrimitives.dll
[1015/235728:ERROR:process_reader_win.cc(233)] ReadMemory at 0x7ffec9830000 of 64 bytes failed: Only part of a ReadProcessMemory or WriteProcessMemory request was completed. (0x12B)
[1015/235728:WARNING:pe_image_reader.cc(281)] could not read dos header from C:\WINDOWS\SYSTEM32\CRYPTBASE.DLL
[1015/235728:ERROR:process_reader_win.cc(233)] ReadMemory at 0x7ffeb4310000 of 64 bytes failed: Only part of a ReadProcessMemory or WriteProcessMemory request was completed. (0x12B)
[1015/235728:WARNING:pe_image_reader.cc(281)] could not read dos header from C:\Program Files (x86)\Google\Chrome\Application\53.0.2785.143\chrome_elf.dll
[1015/235728:ERROR:process_reader_win.cc(233)] ReadMemory at 0x7ffec2840000 of 64 bytes failed: Only part of a ReadProcessMemory or WriteProcessMemory request was completed. (0x12B)
[1015/235728:WARNING:pe_image_reader.cc(281)] could not read dos header from C:\WINDOWS\SYSTEM32\VERSION.dll
[1015/235728:ERROR:process_reader_win.cc(233)] ReadMemory at 0x7ffec9e70000 of 64 bytes failed: Only part of a ReadProcessMemory or WriteProcessMemory request was completed. (0x12B)
[1015/235728:WARNING:pe_image_reader.cc(281)] could not read dos header from C:\WINDOWS\SYSTEM32\cfgmgr32.dll
[1015/235728:ERROR:process_reader_win.cc(233)] ReadMemory at 0x7ffec8740000 of 64 bytes failed: Only part of a ReadProcessMemory or WriteProcessMemory request was completed. (0x12B)
[1015/235728:WARNING:pe_image_reader.cc(281)] could not read dos header from C:\WINDOWS\SYSTEM32\DEVOBJ.dll
[1015/235728:ERROR:process_reader_win.cc(233)] ReadMemory at 0x7ffebd2c0000 of 64 bytes failed: Only part of a ReadProcessMemory or WriteProcessMemory request was completed. (0x12B)
[1015/235728:WARNING:pe_image_reader.cc(281)] could not read dos header from C:\WINDOWS\SYSTEM32\WINMMBASE.dll
[1015/235728:ERROR:process_reader_win.cc(233)] ReadMemory at 0x7ffeca850000 of 64 bytes failed: Only part of a ReadProcessMemory or WriteProcessMemory request was completed. (0x12B)
[1015/235728:WARNING:pe_image_reader.cc(281)] could not read dos header from C:\WINDOWS\system32\GDI32.dll
[1015/235728:ERROR:process_reader_win.cc(233)] ReadMemory at 0x7ffeca160000 of 64 bytes failed: Only part of a ReadProcessMemory or WriteProcessMemory request was completed. (0x12B)
[1015/235728:WARNING:pe_image_reader.cc(281)] could not read dos header from C:\WINDOWS\system32\USER32.dll
[1015/235728:ERROR:process_reader_win.cc(233)] ReadMemory at 0x7ffecc3f0000 of 64 bytes failed: Only part of a ReadProcessMemory or WriteProcessMemory request was completed. (0x12B)
[1015/235728:WARNING:pe_image_reader.cc(281)] could not read dos header from C:\WINDOWS\system32\MSCTF.dll
[1015/235728:ERROR:process_reader_win.cc(233)] ReadMemory at 0x7ffec9ec0000 of 64 bytes failed: Only part of a ReadProcessMemory or WriteProcessMemory request was completed. (0x12B)
[1015/235728:WARNING:pe_image_reader.cc(281)] could not read dos header from C:\WINDOWS\system32\IMM32.DLL
[1015/235728:ERROR:process_reader_win.cc(233)] ReadMemory at 0x7ffebd2f0000 of 64 bytes failed: Only part of a ReadProcessMemory or WriteProcessMemory request was completed. (0x12B)
[1015/235728:WARNING:pe_image_reader.cc(281)] could not read dos header from C:\WINDOWS\SYSTEM32\WINMM.dll
[1015/235728:ERROR:process_reader_win.cc(233)] ReadMemory at 0x7ffec9960000 of 64 bytes failed: Only part of a ReadProcessMemory or WriteProcessMemory request was completed. (0x12B)
[1015/235728:WARNING:pe_image_reader.cc(281)] could not read dos header from C:\WINDOWS\SYSTEM32\profapi.dll
[1015/235728:ERROR:process_reader_win.cc(233)] ReadMemory at 0x7ffec8ef0000 of 64 bytes failed: Only part of a ReadProcessMemory or WriteProcessMemory request was completed. (0x12B)
[1015/235728:WARNING:pe_image_reader.cc(281)] could not read dos header from C:\WINDOWS\SYSTEM32\USERENV.dll
[1015/235728:ERROR:process_reader_win.cc(233)] ReadMemory at 0x7ffec5de0000 of 64 bytes failed: Only part of a ReadProcessMemory or WriteProcessMemory request was completed. (0x12B)
[1015/235728:WARNING:pe_image_reader.cc(281)] could not read dos header from C:\WINDOWS\SYSTEM32\WTSAPI32.dll
[1015/235728:ERROR:process_reader_win.cc(233)] ReadMemory at 0x7ffeca4d0000 of 64 bytes failed: Only part of a ReadProcessMemory or WriteProcessMemory request was completed. (0x12B)
[1015/235728:WARNING:pe_image_reader.cc(281)] could not read dos header from C:\WINDOWS\SYSTEM32\combase.dll
[1015/235728:ERROR:process_reader_win.cc(233)] ReadMemory at 0x7ffec18c0000 of 64 bytes failed: Only part of a ReadProcessMemory or WriteProcessMemory request was completed. (0x12B)
[1015/235728:WARNING:pe_image_reader.cc(281)] could not read dos header from C:\WINDOWS\SYSTEM32\WINHTTP.dll
[1015/235728:ERROR:process_reader_win.cc(233)] ReadMemory at 0x7ffec9f60000 of 64 bytes failed: Only part of a ReadProcessMemory or WriteProcessMemory request was completed. (0x12B)
[1015/235728:WARNING:pe_image_reader.cc(281)] could not read dos header from C:\WINDOWS\system32\SHLWAPI.dll
[1015/235728:ERROR:process_reader_win.cc(233)] ReadMemory at 0x7ffecaa50000 of 64 bytes failed: Only part of a ReadProcessMemory or WriteProcessMemory request was completed. (0x12B)
[1015/235728:WARNING:pe_image_reader.cc(281)] could not read dos header from C:\WINDOWS\system32\SHELL32.dll
[1015/235728:ERROR:process_reader_win.cc(233)] ReadMemory at 0x7ffec7ec0000 of 64 bytes failed: Only part of a ReadProcessMemory or WriteProcessMemory request was completed. (0x12B)
[1015/235728:WARNING:pe_image_reader.cc(281)] could not read dos header from C:\WINDOWS\SYSTEM32\shcore.dll
[1015/235728:ERROR:process_reader_win.cc(233)] ReadMemory at 0x7ffeca2e0000 of 64 bytes failed: Only part of a ReadProcessMemory or WriteProcessMemory request was completed. (0x12B)
[1015/235728:WARNING:pe_image_reader.cc(281)] could not read dos header from C:\WINDOWS\system32\PSAPI.DLL
[1015/235728:ERROR:process_reader_win.cc(233)] ReadMemory at 0x7ffec1460000 of 64 bytes failed: Only part of a ReadProcessMemory or WriteProcessMemory request was completed. (0x12B)
[1015/235728:WARNING:pe_image_reader.cc(281)] could not read dos header from C:\WINDOWS\SYSTEM32\WINSPOOL.DRV
[1015/235728:ERROR:process_reader_win.cc(233)] ReadMemory at 0x7ffec69f0000 of 64 bytes failed: Only part of a ReadProcessMemory or WriteProcessMemory request was completed. (0x12B)
[1015/235728:WARNING:pe_image_reader.cc(281)] could not read dos header from C:\WINDOWS\WinSxS\amd64_microsoft.windows.common-controls_6595b64144ccf1df_6.0.9600.18006_none_623f33d3ecbe86e8\COMCTL32.dll
[1015/235728:ERROR:process_reader_win.cc(233)] ReadMemory at 0x7ffecc330000 of 64 bytes failed: Only part of a ReadProcessMemory or WriteProcessMemory request was completed. (0x12B)
[1015/235728:WARNING:pe_image_reader.cc(281)] could not read dos header from C:\WINDOWS\system32\COMDLG32.dll
[1015/235728:ERROR:process_reader_win.cc(233)] ReadMemory at 0x7ffecc5d0000 of 64 bytes failed: Only part of a ReadProcessMemory or WriteProcessMemory request was completed. (0x12B)
[1015/235728:WARNING:pe_image_reader.cc(281)] could not read dos header from C:\WINDOWS\system32\ole32.dll
[1015/235728:ERROR:process_reader_win.cc(233)] ReadMemory at 0x7ffecbfe0000 of 64 bytes failed: Only part of a ReadProcessMemory or WriteProcessMemory request was completed. (0x12B)
[1015/235728:WARNING:pe_image_reader.cc(281)] could not read dos header from C:\WINDOWS\system32\OLEAUT32.dll
[1015/235728:ERROR:process_reader_win.cc(233)] ReadMemory at 0x7ffecc5c0000 of 64 bytes failed: Only part of a ReadProcessMemory or WriteProcessMemory request was completed. (0x12B)
[1015/235728:WARNING:pe_image_reader.cc(281)] could not read dos header from C:\WINDOWS\system32\NSI.dll
[1015/235728:ERROR:process_reader_win.cc(233)] ReadMemory at 0x7ffec4110000 of 64 bytes failed: Only part of a ReadProcessMemory or WriteProcessMemory request was completed. (0x12B)
[1015/235728:WARNING:pe_image_reader.cc(281)] could not read dos header from C:\WINDOWS\SYSTEM32\WINNSI.DLL
[1015/235728:ERROR:process_reader_win.cc(233)] ReadMemory at 0x7ffec4280000 of 64 bytes failed: Only part of a ReadProcessMemory or WriteProcessMemory request was completed. (0x12B)
[1015/235728:WARNING:pe_image_reader.cc(281)] could not read dos header from C:\WINDOWS\SYSTEM32\IPHLPAPI.DLL
[1015/235728:ERROR:process_reader_win.cc(233)] ReadMemory at 0x7ffec9f00000 of 64 bytes failed: Only part of a ReadProcessMemory or WriteProcessMemory request was completed. (0x12B)
[1015/235728:WARNING:pe_image_reader.cc(281)] could not read dos header from C:\WINDOWS\system32\WS2_32.dll
[1015/235728:ERROR:process_reader_win.cc(233)] ReadMemory at 0x7ffec3ed0000 of 64 bytes failed: Only part of a ReadProcessMemory or WriteProcessMemory request was completed. (0x12B)
[1015/235728:WARNING:pe_image_reader.cc(281)] could not read dos header from C:\WINDOWS\SYSTEM32\USP10.dll
[1015/235728:ERROR:process_reader_win.cc(233)] ReadMemory at 0x7ffec9a10000 of 64 bytes failed: Only part of a ReadProcessMemory or WriteProcessMemory request was completed. (0x12B)
[1015/235728:WARNING:pe_image_reader.cc(281)] could not read dos header from C:\WINDOWS\system32\MSASN1.dll
[1015/235728:ERROR:process_reader_win.cc(233)] ReadMemory at 0x7ffec9c90000 of 64 bytes failed: Only part of a ReadProcessMemory or WriteProcessMemory request was completed. (0x12B)
[1015/235728:WARNING:pe_image_reader.cc(281)] could not read dos header from C:\WINDOWS\system32\CRYPT32.dll
[1015/235728:ERROR:process_reader_win.cc(233)] ReadMemory at 0x7ffec9b80000 of 64 bytes failed: Only part of a ReadProcessMemory or WriteProcessMemory request was completed. (0x12B)
[1015/235728:WARNING:pe_image_reader.cc(281)] could not read dos header from C:\WINDOWS\system32\WINTRUST.dll
[1015/235728:ERROR:process_reader_win.cc(233)] ReadMemory at 0x7ffec5e30000 of 64 bytes failed: Only part of a ReadProcessMemory or WriteProcessMemory request was completed. (0x12B)
[1015/235728:WARNING:pe_image_reader.cc(281)] could not read dos header from C:\WINDOWS\SYSTEM32\Secur32.dll
[1015/235728:ERROR:process_reader_win.cc(233)] ReadMemory at 0x7ffe942d0000 of 64 bytes failed: Only part of a ReadProcessMemory or WriteProcessMemory request was completed. (0x12B)
[1015/235728:WARNING:pe_image_reader.cc(281)] could not read dos header from C:\Program Files (x86)\Google\Chrome\Application\53.0.2785.143\chrome_child.dll
[1015/235728:ERROR:process_reader_win.cc(233)] ReadMemory at 0x7ffec6010000 of 64 bytes failed: Only part of a ReadProcessMemory or WriteProcessMemory request was completed. (0x12B)
[1015/235728:WARNING:pe_image_reader.cc(281)] could not read dos header from C:\WINDOWS\SYSTEM32\dwrite.dll
[1015/235728:ERROR:process_reader_win.cc(233)] ReadMemory at 0x7ffec85c0000 of 64 bytes failed: Only part of a ReadProcessMemory or WriteProcessMemory request was completed. (0x12B)
[1015/235728:WARNING:pe_image_reader.cc(281)] could not read dos header from C:\WINDOWS\system32\uxtheme.dll
[1015/235728:ERROR:process_reader_win.cc(233)] ReadMemory at 0x7ffec3ba0000 of 64 bytes failed: Only part of a ReadProcessMemory or WriteProcessMemory request was completed. (0x12B)
[1015/235728:WARNING:pe_image_reader.cc(281)] could not read dos header from C:\WINDOWS\WinSxS\amd64_microsoft.windows.gdiplus_6595b64144ccf1df_1.1.9600.18405_none_932a3cf14750e859\gdiplus.dll
[1015/235728:ERROR:process_reader_win.cc(233)] ReadMemory at 0x7ffe92430000 of 64 bytes failed: Only part of a ReadProcessMemory or WriteProcessMemory request was completed. (0x12B)
[1015/235728:WARNING:pe_image_reader.cc(281)] could not read dos header from C:\Users\Krishna\AppData\Local\Google\Chrome\User Data\PepperFlash\23.0.0.185\pepflashplayer.dll
[1015/235728:ERROR:process_reader_win.cc(233)] ReadMemory at 0x7ffec3d50000 of 64 bytes failed: Only part of a ReadProcessMemory or WriteProcessMemory request was completed. (0x12B)
[1015/235728:WARNING:pe_image_reader.cc(281)] could not read dos header from C:\WINDOWS\SYSTEM32\dxva2.dll
[1015/235728:ERROR:process_reader_win.cc(233)] ReadMemory at 0x7ff7bdbc0000 of 64 bytes failed: Only part of a ReadProcessMemory or WriteProcessMemory request was completed. (0x12B)
[1015/235728:WARNING:pe_image_reader.cc(281)] could not read dos header from C:\Program Files (x86)\Google\Chrome\Application\chrome.exe
[1015/235728:ERROR:process_reader_win.cc(233)] ReadMemory at 0x7ffecc830000 of 64 bytes failed: Only part of a ReadProcessMemory or WriteProcessMemory request was completed. (0x12B)
[1015/235728:WARNING:pe_image_reader.cc(281)] could not read dos header from C:\WINDOWS\SYSTEM32\ntdll.dll
[1015/235728:ERROR:process_reader_win.cc(233)] ReadMemory at 0x7ffec9a30000 of 64 bytes failed: Only part of a ReadProcessMemory or WriteProcessMemory request was completed. (0x12B)
[1015/235728:WARNING:pe_image_reader.cc(281)] could not read dos header from C:\WINDOWS\system32\KERNELBASE.dll
[1015/235728:ERROR:process_reader_win.cc(233)] ReadMemory at 0x7ffec9fc0000 of 64 bytes failed: Only part of a ReadProcessMemory or WriteProcessMemory request was completed. (0x12B)
[1015/235728:WARNING:pe_image_reader.cc(281)] could not read dos header from C:\WINDOWS\system32\KERNEL32.DLL
[1015/235728:ERROR:process_reader_win.cc(233)] ReadMemory at 0x7ffeca9a0000 of 64 bytes failed: Only part of a ReadProcessMemory or WriteProcessMemory request was completed. (0x12B)
[1015/235728:WARNING:pe_image_reader.cc(281)] could not read dos header from C:\WINDOWS\system32\msvcrt.dll
[1015/235728:ERROR:process_reader_win.cc(233)] ReadMemory at 0x7ffec9b50000 of 64 bytes failed: Only part of a ReadProcessMemory or WriteProcessMemory request was completed. (0x12B)
[1015/235728:WARNING:pe_image_reader.cc(281)] could not read dos header from C:\WINDOWS\system32\SspiCli.dll
[1015/235728:ERROR:process_reader_win.cc(233)] ReadMemory at 0x7ffeca710000 of 64 bytes failed: Only part of a ReadProcessMemory or WriteProcessMemory request was completed. (0x12B)
[1015/235728:WARNING:pe_image_reader.cc(281)] could not read dos header from C:\WINDOWS\system32\RPCRT4.dll
[1015/235728:ERROR:process_reader_win.cc(233)] ReadMemory at 0x7ffeca100000 of 64 bytes failed: Only part of a ReadProcessMemory or WriteProcessMemory request was completed. (0x12B)
[1015/235728:WARNING:pe_image_reader.cc(281)] could not read dos header from C:\WINDOWS\SYSTEM32\sechost.dll
[1015/235728:ERROR:process_reader_win.cc(233)] ReadMemory at 0x7ffecc780000 of 64 bytes failed: Only part of a ReadProcessMemory or WriteProcessMemory request was completed. (0x12B)
[1015/235728:WARNING:pe_image_reader.cc(281)] could not read dos header from C:\WINDOWS\system32\ADVAPI32.dll
[1015/235728:ERROR:process_reader_win.cc(233)] ReadMemory at 0x7ffec97c0000 of 64 bytes failed: Only part of a ReadProcessMemory or WriteProcessMemory request was completed. (0x12B)
[1015/235728:WARNING:pe_image_reader.cc(281)] could not read dos header from C:\WINDOWS\SYSTEM32\bcryptPrimitives.dll
[1015/235728:ERROR:process_reader_win.cc(233)] ReadMemory at 0x7ffec9830000 of 64 bytes failed: Only part of a ReadProcessMemory or WriteProcessMemory request was completed. (0x12B)
[1015/235728:WARNING:pe_image_reader.cc(281)] could not read dos header from C:\WINDOWS\SYSTEM32\CRYPTBASE.DLL
[1015/235728:ERROR:process_reader_win.cc(233)] ReadMemory at 0x7ffeb4310000 of 64 bytes failed: Only part of a ReadProcessMemory or WriteProcessMemory request was completed. (0x12B)
[1015/235728:WARNING:pe_image_reader.cc(281)] could not read dos header from C:\Program Files (x86)\Google\Chrome\Application\53.0.2785.143\chrome_elf.dll
[1015/235728:ERROR:process_reader_win.cc(233)] ReadMemory at 0x7ffec2840000 of 64 bytes failed: Only part of a ReadProcessMemory or WriteProcessMemory request was completed. (0x12B)
[1015/235728:WARNING:pe_image_reader.cc(281)] could not read dos header from C:\WINDOWS\SYSTEM32\VERSION.dll
[1015/235728:ERROR:process_reader_win.cc(233)] ReadMemory at 0x7ffec9e70000 of 64 bytes failed: Only part of a ReadProcessMemory or WriteProcessMemory request was completed. (0x12B)
[1015/235728:WARNING:pe_image_reader.cc(281)] could not read dos header from C:\WINDOWS\SYSTEM32\cfgmgr32.dll
[1015/235728:ERROR:process_reader_win.cc(233)] ReadMemory at 0x7ffec8740000 of 64 bytes failed: Only part of a ReadProcessMemory or WriteProcessMemory request was completed. (0x12B)
[1015/235728:WARNING:pe_image_reader.cc(281)] could not read dos header from C:\WINDOWS\SYSTEM32\DEVOBJ.dll
[1015/235728:ERROR:process_reader_win.cc(233)] ReadMemory at 0x7ffebd2c0000 of 64 bytes failed: Only part of a ReadProcessMemory or WriteProcessMemory request was completed. (0x12B)
[1015/235728:WARNING:pe_image_reader.cc(281)] could not read dos header from C:\WINDOWS\SYSTEM32\WINMMBASE.dll
[1015/235728:ERROR:process_reader_win.cc(233)] ReadMemory at 0x7ffeca850000 of 64 bytes failed: Only part of a ReadProcessMemory or WriteProcessMemory request was completed. (0x12B)
[1015/235728:WARNING:pe_image_reader.cc(281)] could not read dos header from C:\WINDOWS\system32\GDI32.dll
[1015/235728:ERROR:process_reader_win.cc(233)] ReadMemory at 0x7ffeca160000 of 64 bytes failed: Only part of a ReadProcessMemory or WriteProcessMemory request was completed. (0x12B)
[1015/235728:WARNING:pe_image_reader.cc(281)] could not read dos header from C:\WINDOWS\system32\USER32.dll
[1015/235728:ERROR:process_reader_win.cc(233)] ReadMemory at 0x7ffecc3f0000 of 64 bytes failed: Only part of a ReadProcessMemory or WriteProcessMemory request was completed. (0x12B)
[1015/235728:WARNING:pe_image_reader.cc(281)] could not read dos header from C:\WINDOWS\system32\MSCTF.dll
[1015/235728:ERROR:process_reader_win.cc(233)] ReadMemory at 0x7ffec9ec0000 of 64 bytes failed: Only part of a ReadProcessMemory or WriteProcessMemory request was completed. (0x12B)
[1015/235728:WARNING:pe_image_reader.cc(281)] could not read dos header from C:\WINDOWS\system32\IMM32.DLL
[1015/235728:ERROR:process_reader_win.cc(233)] ReadMemory at 0x7ffebd2f0000 of 64 bytes failed: Only part of a ReadProcessMemory or WriteProcessMemory request was completed. (0x12B)
[1015/235728:WARNING:pe_image_reader.cc(281)] could not read dos header from C:\WINDOWS\SYSTEM32\WINMM.dll
[1015/235728:ERROR:process_reader_win.cc(233)] ReadMemory at 0x7ffec9960000 of 64 bytes failed: Only part of a ReadProcessMemory or WriteProcessMemory request was completed. (0x12B)
[1015/235728:WARNING:pe_image_reader.cc(281)] could not read dos header from C:\WINDOWS\SYSTEM32\profapi.dll
[1015/235728:ERROR:process_reader_win.cc(233)] ReadMemory at 0x7ffec8ef0000 of 64 bytes failed: Only part of a ReadProcessMemory or WriteProcessMemory request was completed. (0x12B)
[1015/235728:WARNING:pe_image_reader.cc(281)] could not read dos header from C:\WINDOWS\SYSTEM32\USERENV.dll
[1015/235728:ERROR:process_reader_win.cc(233)] ReadMemory at 0x7ffec5de0000 of 64 bytes failed: Only part of a ReadProcessMemory or WriteProcessMemory request was completed. (0x12B)
[1015/235728:WARNING:pe_image_reader.cc(281)] could not read dos header from C:\WINDOWS\SYSTEM32\WTSAPI32.dll
[1015/235728:ERROR:process_reader_win.cc(233)] ReadMemory at 0x7ffeca4d0000 of 64 bytes failed: Only part of a ReadProcessMemory or WriteProcessMemory request was completed. (0x12B)
[1015/235728:WARNING:pe_image_reader.cc(281)] could not read dos header from C:\WINDOWS\SYSTEM32\combase.dll
[1015/235728:ERROR:process_reader_win.cc(233)] ReadMemory at 0x7ffec18c0000 of 64 bytes failed: Only part of a ReadProcessMemory or WriteProcessMemory request was completed. (0x12B)
[1015/235728:WARNING:pe_image_reader.cc(281)] could not read dos header from C:\WINDOWS\SYSTEM32\WINHTTP.dll
[1015/235728:ERROR:process_reader_win.cc(233)] ReadMemory at 0x7ffec9f60000 of 64 bytes failed: Only part of a ReadProcessMemory or WriteProcessMemory request was completed. (0x12B)
[1015/235728:WARNING:pe_image_reader.cc(281)] could not read dos header from C:\WINDOWS\system32\SHLWAPI.dll
[1015/235728:ERROR:process_reader_win.cc(233)] ReadMemory at 0x7ffecaa50000 of 64 bytes failed: Only part of a ReadProcessMemory or WriteProcessMemory request was completed. (0x12B)
[1015/235728:WARNING:pe_image_reader.cc(281)] could not read dos header from C:\WINDOWS\system32\SHELL32.dll
[1015/235728:ERROR:process_reader_win.cc(233)] ReadMemory at 0x7ffec7ec0000 of 64 bytes failed: Only part of a ReadProcessMemory or WriteProcessMemory request was completed. (0x12B)
[1015/235728:WARNING:pe_image_reader.cc(281)] could not read dos header from C:\WINDOWS\SYSTEM32\shcore.dll
[1015/235728:ERROR:process_reader_win.cc(233)] ReadMemory at 0x7ffeca2e0000 of 64 bytes failed: Only part of a ReadProcessMemory or WriteProcessMemory request was completed. (0x12B)
[1015/235728:WARNING:pe_image_reader.cc(281)] could not read dos header from C:\WINDOWS\system32\PSAPI.DLL
[1015/235728:ERROR:process_reader_win.cc(233)] ReadMemory at 0x7ffec1460000 of 64 bytes failed: Only part of a ReadProcessMemory or WriteProcessMemory request was completed. (0x12B)
[1015/235728:WARNING:pe_image_reader.cc(281)] could not read dos header from C:\WINDOWS\SYSTEM32\WINSPOOL.DRV
[1015/235728:ERROR:process_reader_win.cc(233)] ReadMemory at 0x7ffec69f0000 of 64 bytes failed: Only part of a ReadProcessMemory or WriteProcessMemory request was completed. (0x12B)
[1015/235728:WARNING:pe_image_reader.cc(281)] could not read dos header from C:\WINDOWS\WinSxS\amd64_microsoft.windows.common-controls_6595b64144ccf1df_6.0.9600.18006_none_623f33d3ecbe86e8\COMCTL32.dll
[1015/235728:ERROR:process_reader_win.cc(233)] ReadMemory at 0x7ffecc330000 of 64 bytes failed: Only part of a ReadProcessMemory or WriteProcessMemory request was completed. (0x12B)
[1015/235728:WARNING:pe_image_reader.cc(281)] could not read dos header from C:\WINDOWS\system32\COMDLG32.dll
[1015/235728:ERROR:process_reader_win.cc(233)] ReadMemory at 0x7ffecc5d0000 of 64 bytes failed: Only part of a ReadProcessMemory or WriteProcessMemory request was completed. (0x12B)
[1015/235728:WARNING:pe_image_reader.cc(281)] could not read dos header from C:\WINDOWS\system32\ole32.dll
[1015/235728:ERROR:process_reader_win.cc(233)] ReadMemory at 0x7ffecbfe0000 of 64 bytes failed: Only part of a ReadProcessMemory or WriteProcessMemory request was completed. (0x12B)
[1015/235728:WARNING:pe_image_reader.cc(281)] could not read dos header from C:\WINDOWS\system32\OLEAUT32.dll
[1015/235728:ERROR:process_reader_win.cc(233)] ReadMemory at 0x7ffecc5c0000 of 64 bytes failed: Only part of a ReadProcessMemory or WriteProcessMemory request was completed. (0x12B)
[1015/235728:WARNING:pe_image_reader.cc(281)] could not read dos header from C:\WINDOWS\system32\NSI.dll
[1015/235728:ERROR:process_reader_win.cc(233)] ReadMemory at 0x7ffec4110000 of 64 bytes failed: Only part of a ReadProcessMemory or WriteProcessMemory request was completed. (0x12B)
[1015/235728:WARNING:pe_image_reader.cc(281)] could not read dos header from C:\WINDOWS\SYSTEM32\WINNSI.DLL
[1015/235728:ERROR:process_reader_win.cc(233)] ReadMemory at 0x7ffec4280000 of 64 bytes failed: Only part of a ReadProcessMemory or WriteProcessMemory request was completed. (0x12B)
[1015/235728:WARNING:pe_image_reader.cc(281)] could not read dos header from C:\WINDOWS\SYSTEM32\IPHLPAPI.DLL
[1015/235728:ERROR:process_reader_win.cc(233)] ReadMemory at 0x7ffec9f00000 of 64 bytes failed: Only part of a ReadProcessMemory or WriteProcessMemory request was completed. (0x12B)
[1015/235728:WARNING:pe_image_reader.cc(281)] could not read dos header from C:\WINDOWS\system32\WS2_32.dll
[1015/235728:ERROR:process_reader_win.cc(233)] ReadMemory at 0x7ffec3ed0000 of 64 bytes failed: Only part of a ReadProcessMemory or WriteProcessMemory request was completed. (0x12B)
[1015/235728:WARNING:pe_image_reader.cc(281)] could not read dos header from C:\WINDOWS\SYSTEM32\USP10.dll
[1015/235728:ERROR:process_reader_win.cc(233)] ReadMemory at 0x7ffec9a10000 of 64 bytes failed: Only part of a ReadProcessMemory or WriteProcessMemory request was completed. (0x12B)
[1015/235728:WARNING:pe_image_reader.cc(281)] could not read dos header from C:\WINDOWS\system32\MSASN1.dll
[1015/235728:ERROR:process_reader_win.cc(233)] ReadMemory at 0x7ffec9c90000 of 64 bytes failed: Only part of a ReadProcessMemory or WriteProcessMemory request was completed. (0x12B)
[1015/235728:WARNING:pe_image_reader.cc(281)] could not read dos header from C:\WINDOWS\system32\CRYPT32.dll
[1015/235728:ERROR:process_reader_win.cc(233)] ReadMemory at 0x7ffec9b80000 of 64 bytes failed: Only part of a ReadProcessMemory or WriteProcessMemory request was completed. (0x12B)
[1015/235728:WARNING:pe_image_reader.cc(281)] could not read dos header from C:\WINDOWS\system32\WINTRUST.dll
[1015/235728:ERROR:process_reader_win.cc(233)] ReadMemory at 0x7ffec5e30000 of 64 bytes failed: Only part of a ReadProcessMemory or WriteProcessMemory request was completed. (0x12B)
[1015/235728:WARNING:pe_image_reader.cc(281)] could not read dos header from C:\WINDOWS\SYSTEM32\Secur32.dll
[1015/235728:ERROR:process_reader_win.cc(233)] ReadMemory at 0x7ffe942d0000 of 64 bytes failed: Only part of a ReadProcessMemory or WriteProcessMemory request was completed. (0x12B)
[1015/235728:WARNING:pe_image_reader.cc(281)] could not read dos header from C:\Program Files (x86)\Google\Chrome\Application\53.0.2785.143\chrome_child.dll
[1015/235728:ERROR:process_reader_win.cc(233)] ReadMemory at 0x7ffec6010000 of 64 bytes failed: Only part of a ReadProcessMemory or WriteProcessMemory request was completed. (0x12B)
[1015/235728:WARNING:pe_image_reader.cc(281)] could not read dos header from C:\WINDOWS\SYSTEM32\dwrite.dll
[1015/235728:ERROR:process_reader_win.cc(233)] ReadMemory at 0x7ffec85c0000 of 64 bytes failed: Only part of a ReadProcessMemory or WriteProcessMemory request was completed. (0x12B)
[1015/235728:WARNING:pe_image_reader.cc(281)] could not read dos header from C:\WINDOWS\system32\uxtheme.dll
[1015/235728:ERROR:process_reader_win.cc(233)] ReadMemory at 0x7ffec3ba0000 of 64 bytes failed: Only part of a ReadProcessMemory or WriteProcessMemory request was completed. (0x12B)
[1015/235728:WARNING:pe_image_reader.cc(281)] could not read dos header from C:\WINDOWS\WinSxS\amd64_microsoft.windows.gdiplus_6595b64144ccf1df_1.1.9600.18405_none_932a3cf14750e859\gdiplus.dll
[1015/235728:ERROR:process_reader_win.cc(233)] ReadMemory at 0x7ffe92430000 of 64 bytes failed: Only part of a ReadProcessMemory or WriteProcessMemory request was completed. (0x12B)
[1015/235728:WARNING:pe_image_reader.cc(281)] could not read dos header from C:\Users\Krishna\AppData\Local\Google\Chrome\User Data\PepperFlash\23.0.0.185\pepflashplayer.dll
[1015/235728:ERROR:process_reader_win.cc(233)] ReadMemory at 0x7ffec3d50000 of 64 bytes failed: Only part of a ReadProcessMemory or WriteProcessMemory request was completed. (0x12B)
[1015/235728:WARNING:pe_image_reader.cc(281)] could not read dos header from C:\WINDOWS\SYSTEM32\dxva2.dll
[1015/235737:ERROR:process_reader_win.cc(233)] ReadMemory at 0x6eb0aa2000 of 57344 bytes failed: Only part of a ReadProcessMemory or WriteProcessMemory request was completed. (0x12B)
[1015/235737:ERROR:crash_report_exception_handler.cc(98)] WriteEverything failed
[1015/235737:ERROR:scoped_process_suspend.cc(38)] NtResumeProcess: An attempt was made to access an exiting process.  (0xc000010a)
